<?xml version="1.0" encoding="UTF-8"?>
<testsuite xmlns:xsi="http://www.w3.org/2001/XMLSchema-instance" xsi:noNamespaceSchemaLocation="https://maven.apache.org/surefire/maven-surefire-plugin/xsd/surefire-test-report.xsd" version="3.0.2" name="com.acecoin.signing_svc.SigningSvcApplicationTests" time="1.149" tests="1" errors="0" skipped="0" failures="0">
  <properties>
[...]
</properties>
  <testcase name="contextLoads" classname="com.acecoin.signing_svc.SigningSvcApplicationTests" time="0.436">
    <system-out><![CDATA[21:54:45.819 [main] INFO org.springframework.test.context.support.AnnotationConfigContextLoaderUtils -- Could not detect default configuration classes for test class [com.acecoin.signing_svc.SigningSvcApplicationTests]: SigningSvcApplicationTests does not declare any static, non-private, non-final, nested classes annotated with @Configuration.
21:54:45.868 [main] INFO org.springframework.boot.test.context.SpringBootTestContextBootstrapper -- Found @SpringBootConfiguration com.acecoin.signing_svc.SigningSvcApplication for test class com.acecoin.signing_svc.SigningSvcApplicationTests

  .   ____          _            __ _ _
 /\\ / ___'_ __ _ _(_)_ __  __ _ \ \ \ \
( ( )\___ | '_ | '_| | '_ \/ _` | \ \ \ \
 \\/  ___)| |_)| | | | | || (_| |  ) ) ) )
  '  |____| .__|_| |_|_| |_\__, | / / / /
 =========|_|==============|___/=/_/_/_/

 :: Spring Boot ::       (v3.4.0-SNAPSHOT)

2024-09-19T21:54:46.043+03:00  INFO 47905 --- [signing-svc] [           main] c.a.s.SigningSvcApplicationTests         : Starting SigningSvcApplicationTests using Java 17.0.8.1 with PID 47905 (started by ace in /Users/ace/Documents/acecoin-dapp/signing-svc)
2024-09-19T21:54:46.044+03:00  INFO 47905 --- [signing-svc] [           main] c.a.s.SigningSvcApplicationTests         : No active profile set, falling back to 1 default profile: "default"
2024-09-19T21:54:46.441+03:00  INFO 47905 --- [signing-svc] [           main] c.a.s.SigningSvcApplicationTests         : Started SigningSvcApplicationTests in 0.518 seconds (process running for 1.009)
]]></system-out>
  </testcase>
</testsuite>